<?xml version="1.0" encoding="UTF-8"?>
<!-- Generated by org.testng.reporters.JUnitReportReporter -->
<testsuite skipped="0" hostname="Naveen-PC" name="org.com.restAPITests.GetAPITest" tests="1" failures="0" timestamp="27 Jan 2019 13:11:35 GMT" time="3.699" errors="0">
  <testcase name="getTest" time="3.699" classname="org.com.restAPITests.GetAPITest"/>
</testsuite> <!-- org.com.restAPITests.GetAPITest -->
